<?xml version="1.0" encoding="UTF-8"?>
<testng-results skipped="0" failed="0" ignored="0" total="1" passed="1">
  <reporter-output>
  </reporter-output>
  <suite name="Default suite" duration-ms="64" started-at="2020-07-28T21:51:12Z" finished-at="2020-07-28T21:51:12Z">
    <groups>
    </groups>
    <test name="Default test" duration-ms="64" started-at="2020-07-28T21:51:12Z" finished-at="2020-07-28T21:51:12Z">
      <class name="qa.tests.Logintest">
        <test-method status="PASS" signature="test1()[pri:0, instance:qa.tests.Logintest@5b275dab]" name="test1" duration-ms="14" started-at="2020-07-28T21:51:12Z" finished-at="2020-07-28T21:51:12Z">
          <reporter-output>
          </reporter-output>
        </test-method> <!-- test1 -->
      </class> <!-- qa.tests.Logintest -->
    </test> <!-- Default test -->
  </suite> <!-- Default suite -->
</testng-results>
